[   39325ms] [WARNING] WARNING: Multiple instances of Three.js being imported. @ http://localhost:5174/node_modules/.vite/deps/chunk-IXVVFHSD.js?v=13bbac6b:16599
[   39359ms] TypeError: setProp is not a function
    at http://localhost:5174/@fs/D:/Developments/tslib/@woby/three/code/lib/three/fixReactiveProps.tsx?t=1777968033790:98:9
    at Array.forEach (<anonymous>)
    at setNestedValue (http://localhost:5174/@fs/D:/Developments/tslib/@woby/three/code/lib/three/fixReactiveProps.tsx?t=1777968033790:95:8)
    at fixReactiveProps (http://localhost:5174/@fs/D:/Developments/tslib/@woby/three/code/lib/three/fixReactiveProps.tsx?t=1777968033790:52:7)
    at getInstance (http://localhost:5174/@fs/D:/Developments/tslib/@woby/three/code/lib/three/getInstance.tsx?t=1777968033790:70:3)
    at http://localhost:5174/@fs/D:/Developments/tslib/@woby/three/code/lib/three/createElement.tsx?t=1777968033790:232:24
    at http://localhost:5174/@fs/D:/Developments/tslib/@woby/soby/dist/methods/resolve.js:18:39
    at Memo.wrap (http://localhost:5174/@fs/D:/Developments/tslib/@woby/soby/dist/objects/owner.js:60:54)
    at Memo.refresh (http://localhost:5174/@fs/D:/Developments/tslib/@woby/soby/dist/objects/observer.js:31:25)
    at Memo.run (http://localhost:5174/@fs/D:/Developments/tslib/@woby/soby/dist/objects/memo.js:21:30)
[ 1721099ms] [LOG] undefined @ http://localhost:5174/src/group.tsx?t=1778034621382:19
[ 1722679ms] [LOG] [Box3] scene Scene @ http://localhost:5174/src/Box3.tsx?t=1777970766335:68
[ 1722680ms] [LOG] [Box3] ✓ Scene is valid @ http://localhost:5174/src/Box3.tsx?t=1777970766335:70
[ 1722680ms] [LOG] [Box3] ✓ Background is set: Color @ http://localhost:5174/src/Box3.tsx?t=1777970766335:72
[ 1722681ms] [LOG] [Box3] ✓ Lights verified: {total: 3, ambient: 1, spot: 1, point: 1} @ http://localhost:5174/src/Box3.tsx?t=1777970766335:81
[ 1722681ms] [LOG] [Box3] ✓ AmbientLight intensity is correct @ http://localhost:5174/src/Box3.tsx?t=1777970766335:89
[ 1722681ms] [LOG] [Box3] ✓ SpotLight properties are correct @ http://localhost:5174/src/Box3.tsx?t=1777970766335:94
[ 1722681ms] [LOG] [Box3] ✓ PointLight position is correct @ http://localhost:5174/src/Box3.tsx?t=1777970766335:97
[ 1722681ms] [LOG] [Box3] ✓ Meshes found: 3 @ http://localhost:5174/src/Box3.tsx?t=1777970766335:100
[ 1722682ms] [LOG] [Box3] ✓ Box positions are correct @ http://localhost:5174/src/Box3.tsx?t=1777970766335:110
[ 1722682ms] [LOG] [Box3] ✓ Found 1 camera(s) in ThreeContext @ http://localhost:5174/src/Box3.tsx?t=1777970766335:116
[ 1722682ms] [LOG] [Box3] ✓ PerspectiveCamera position is correct @ http://localhost:5174/src/Box3.tsx?t=1777970766335:119
[ 1722682ms] [LOG] [Box3] ✓ Camera accessible via useThree().cameras @ http://localhost:5174/src/Box3.tsx?t=1777970766335:120
[ 1722682ms] [LOG] [Box3] ✓ Found 1 renderer(s) in ThreeContext @ http://localhost:5174/src/Box3.tsx?t=1777970766335:130
[ 1722682ms] [LOG] [Box3] ✓ OrbitControls would be attached to renderer.domElement @ http://localhost:5174/src/Box3.tsx?t=1777970766335:131
[ 1722682ms] [LOG] [Box3] ✓ ThreeContext structure verified: {cameras: 1, scenes: 1, renderers: 1, frames: 4} @ http://localhost:5174/src/Box3.tsx?t=1777970766335:133
[ 1722683ms] [LOG] ✓ Scene: Direct child of Canvas3D, accessible via ref @ http://localhost:5174/src/Box3.tsx?t=1777970766335:140
[ 1722683ms] [LOG] ✓ Lights: Added to scene.children @ http://localhost:5174/src/Box3.tsx?t=1777970766335:141
[ 1722683ms] [LOG] ✓ Geometries: Added to scene.children as Mesh objects @ http://localhost:5174/src/Box3.tsx?t=1777970766335:142
[ 1722683ms] [LOG] ✓ Camera: 1 camera(s) in ThreeContext.cameras @ http://localhost:5174/src/Box3.tsx?t=1777970766335:143
[ 1722683ms] [LOG] ✓ Renderer: 1 renderer(s) in ThreeContext.renderers @ http://localhost:5174/src/Box3.tsx?t=1777970766335:144
[ 1722683ms] [LOG] ℹ OrbitControls: Would attach to camera + renderer.domElement @ http://localhost:5174/src/Box3.tsx?t=1777970766335:145
[ 1751634ms] [LOG] [Box3] scene Scene @ http://localhost:5174/src/Box3.tsx?t=1777970766335:68
[ 1751635ms] [LOG] [Box3] ✓ Scene is valid @ http://localhost:5174/src/Box3.tsx?t=1777970766335:70
[ 1751635ms] [LOG] [Box3] ✓ Background is set: Color @ http://localhost:5174/src/Box3.tsx?t=1777970766335:72
[ 1751636ms] [LOG] [Box3] ✓ Lights verified: {total: 3, ambient: 1, spot: 1, point: 1} @ http://localhost:5174/src/Box3.tsx?t=1777970766335:81
[ 1751636ms] [LOG] [Box3] ✓ AmbientLight intensity is correct @ http://localhost:5174/src/Box3.tsx?t=1777970766335:89
[ 1751636ms] [LOG] [Box3] ✓ SpotLight properties are correct @ http://localhost:5174/src/Box3.tsx?t=1777970766335:94
[ 1751636ms] [LOG] [Box3] ✓ PointLight position is correct @ http://localhost:5174/src/Box3.tsx?t=1777970766335:97
[ 1751637ms] [LOG] [Box3] ✓ Meshes found: 3 @ http://localhost:5174/src/Box3.tsx?t=1777970766335:100
[ 1751637ms] [LOG] [Box3] ✓ Box positions are correct @ http://localhost:5174/src/Box3.tsx?t=1777970766335:110
[ 1751637ms] [LOG] [Box3] ✓ Found 1 camera(s) in ThreeContext @ http://localhost:5174/src/Box3.tsx?t=1777970766335:116
[ 1751638ms] [LOG] [Box3] ✓ PerspectiveCamera position is correct @ http://localhost:5174/src/Box3.tsx?t=1777970766335:119
[ 1751638ms] [LOG] [Box3] ✓ Camera accessible via useThree().cameras @ http://localhost:5174/src/Box3.tsx?t=1777970766335:120
[ 1751638ms] [LOG] [Box3] ✓ Found 1 renderer(s) in ThreeContext @ http://localhost:5174/src/Box3.tsx?t=1777970766335:130
[ 1751638ms] [LOG] [Box3] ✓ OrbitControls would be attached to renderer.domElement @ http://localhost:5174/src/Box3.tsx?t=1777970766335:131
[ 1751638ms] [LOG] [Box3] ✓ ThreeContext structure verified: {cameras: 1, scenes: 1, renderers: 1, frames: 4} @ http://localhost:5174/src/Box3.tsx?t=1777970766335:133
[ 1751639ms] [LOG] ✓ Scene: Direct child of Canvas3D, accessible via ref @ http://localhost:5174/src/Box3.tsx?t=1777970766335:140
[ 1751639ms] [LOG] ✓ Lights: Added to scene.children @ http://localhost:5174/src/Box3.tsx?t=1777970766335:141
[ 1751639ms] [LOG] ✓ Geometries: Added to scene.children as Mesh objects @ http://localhost:5174/src/Box3.tsx?t=1777970766335:142
[ 1751639ms] [LOG] ✓ Camera: 1 camera(s) in ThreeContext.cameras @ http://localhost:5174/src/Box3.tsx?t=1777970766335:143
[ 1751639ms] [LOG] ✓ Renderer: 1 renderer(s) in ThreeContext.renderers @ http://localhost:5174/src/Box3.tsx?t=1777970766335:144
[ 1751639ms] [LOG] ℹ OrbitControls: Would attach to camera + renderer.domElement @ http://localhost:5174/src/Box3.tsx?t=1777970766335:145
[ 1821157ms] [LOG] [Box3] scene Scene @ http://localhost:5174/src/Box3.tsx?t=1777970766335:68
[ 1821157ms] [LOG] [Box3] ✓ Scene is valid @ http://localhost:5174/src/Box3.tsx?t=1777970766335:70
[ 1821158ms] [LOG] [Box3] ✓ Background is set: Color @ http://localhost:5174/src/Box3.tsx?t=1777970766335:72
[ 1821158ms] [LOG] [Box3] ✓ Lights verified: {total: 3, ambient: 1, spot: 1, point: 1} @ http://localhost:5174/src/Box3.tsx?t=1777970766335:81
[ 1821160ms] [LOG] [Box3] ✓ AmbientLight intensity is correct @ http://localhost:5174/src/Box3.tsx?t=1777970766335:89
[ 1821160ms] [LOG] [Box3] ✓ SpotLight properties are correct @ http://localhost:5174/src/Box3.tsx?t=1777970766335:94
[ 1821160ms] [LOG] [Box3] ✓ PointLight position is correct @ http://localhost:5174/src/Box3.tsx?t=1777970766335:97
[ 1821160ms] [LOG] [Box3] ✓ Meshes found: 3 @ http://localhost:5174/src/Box3.tsx?t=1777970766335:100
[ 1821160ms] [LOG] [Box3] ✓ Box positions are correct @ http://localhost:5174/src/Box3.tsx?t=1777970766335:110
[ 1821161ms] [LOG] [Box3] ✓ Found 1 camera(s) in ThreeContext @ http://localhost:5174/src/Box3.tsx?t=1777970766335:116
[ 1821161ms] [LOG] [Box3] ✓ PerspectiveCamera position is correct @ http://localhost:5174/src/Box3.tsx?t=1777970766335:119
[ 1821161ms] [LOG] [Box3] ✓ Camera accessible via useThree().cameras @ http://localhost:5174/src/Box3.tsx?t=1777970766335:120
[ 1821161ms] [LOG] [Box3] ✓ Found 1 renderer(s) in ThreeContext @ http://localhost:5174/src/Box3.tsx?t=1777970766335:130
[ 1821161ms] [LOG] [Box3] ✓ OrbitControls would be attached to renderer.domElement @ http://localhost:5174/src/Box3.tsx?t=1777970766335:131
[ 1821162ms] [LOG] [Box3] ✓ ThreeContext structure verified: {cameras: 1, scenes: 1, renderers: 1, frames: 4} @ http://localhost:5174/src/Box3.tsx?t=1777970766335:133
[ 1821162ms] [LOG] ✓ Scene: Direct child of Canvas3D, accessible via ref @ http://localhost:5174/src/Box3.tsx?t=1777970766335:140
[ 1821162ms] [LOG] ✓ Lights: Added to scene.children @ http://localhost:5174/src/Box3.tsx?t=1777970766335:141
[ 1821162ms] [LOG] ✓ Geometries: Added to scene.children as Mesh objects @ http://localhost:5174/src/Box3.tsx?t=1777970766335:142
[ 1821162ms] [LOG] ✓ Camera: 1 camera(s) in ThreeContext.cameras @ http://localhost:5174/src/Box3.tsx?t=1777970766335:143
[ 1821163ms] [LOG] ✓ Renderer: 1 renderer(s) in ThreeContext.renderers @ http://localhost:5174/src/Box3.tsx?t=1777970766335:144
[ 1821163ms] [LOG] ℹ OrbitControls: Would attach to camera + renderer.domElement @ http://localhost:5174/src/Box3.tsx?t=1777970766335:145
[ 1827264ms] [LOG] page2 @ http://localhost:5174/src/BoxStaticText.tsx?t=1777968063392:19
[ 1827268ms] [LOG] undefined @ http://localhost:5174/src/BoxStaticText.tsx?t=1777968063392:73
[ 1827406ms] [LOG] Font @ http://localhost:5174/src/BoxStaticText.tsx?t=1777968063392:73
[ 1831105ms] [LOG] undefined @ http://localhost:5174/src/group.tsx?t=1778034621382:19
[ 1836586ms] [LOG] undefined @ http://localhost:5174/src/group.tsx?t=1778034621382:19
[ 1837146ms] [LOG] undefined @ http://localhost:5174/src/BoxStaticText.tsx?t=1777968063392:73
[ 1837202ms] [LOG] Font @ http://localhost:5174/src/BoxStaticText.tsx?t=1777968063392:73
[ 1841634ms] [LOG] [Box3] scene Scene @ http://localhost:5174/src/Box3.tsx?t=1777970766335:68
[ 1841634ms] [LOG] [Box3] ✓ Scene is valid @ http://localhost:5174/src/Box3.tsx?t=1777970766335:70
[ 1841635ms] [LOG] [Box3] ✓ Background is set: Color @ http://localhost:5174/src/Box3.tsx?t=1777970766335:72
[ 1841635ms] [LOG] [Box3] ✓ Lights verified: {total: 3, ambient: 1, spot: 1, point: 1} @ http://localhost:5174/src/Box3.tsx?t=1777970766335:81
[ 1841635ms] [LOG] [Box3] ✓ AmbientLight intensity is correct @ http://localhost:5174/src/Box3.tsx?t=1777970766335:89
[ 1841636ms] [LOG] [Box3] ✓ SpotLight properties are correct @ http://localhost:5174/src/Box3.tsx?t=1777970766335:94
[ 1841636ms] [LOG] [Box3] ✓ PointLight position is correct @ http://localhost:5174/src/Box3.tsx?t=1777970766335:97
[ 1841636ms] [LOG] [Box3] ✓ Meshes found: 3 @ http://localhost:5174/src/Box3.tsx?t=1777970766335:100
[ 1841636ms] [LOG] [Box3] ✓ Box positions are correct @ http://localhost:5174/src/Box3.tsx?t=1777970766335:110
[ 1841636ms] [LOG] [Box3] ✓ Found 1 camera(s) in ThreeContext @ http://localhost:5174/src/Box3.tsx?t=1777970766335:116
[ 1841637ms] [LOG] [Box3] ✓ PerspectiveCamera position is correct @ http://localhost:5174/src/Box3.tsx?t=1777970766335:119
[ 1841637ms] [LOG] [Box3] ✓ Camera accessible via useThree().cameras @ http://localhost:5174/src/Box3.tsx?t=1777970766335:120
[ 1841637ms] [LOG] [Box3] ✓ Found 1 renderer(s) in ThreeContext @ http://localhost:5174/src/Box3.tsx?t=1777970766335:130
[ 1841637ms] [LOG] [Box3] ✓ OrbitControls would be attached to renderer.domElement @ http://localhost:5174/src/Box3.tsx?t=1777970766335:131
[ 1841637ms] [LOG] [Box3] ✓ ThreeContext structure verified: {cameras: 1, scenes: 1, renderers: 1, frames: 4} @ http://localhost:5174/src/Box3.tsx?t=1777970766335:133
[ 1841638ms] [LOG] ✓ Scene: Direct child of Canvas3D, accessible via ref @ http://localhost:5174/src/Box3.tsx?t=1777970766335:140
[ 1841639ms] [LOG] ✓ Lights: Added to scene.children @ http://localhost:5174/src/Box3.tsx?t=1777970766335:141
[ 1841639ms] [LOG] ✓ Geometries: Added to scene.children as Mesh objects @ http://localhost:5174/src/Box3.tsx?t=1777970766335:142
[ 1841640ms] [LOG] ✓ Camera: 1 camera(s) in ThreeContext.cameras @ http://localhost:5174/src/Box3.tsx?t=1777970766335:143
[ 1841640ms] [LOG] ✓ Renderer: 1 renderer(s) in ThreeContext.renderers @ http://localhost:5174/src/Box3.tsx?t=1777970766335:144
[ 1841641ms] [LOG] ℹ OrbitControls: Would attach to camera + renderer.domElement @ http://localhost:5174/src/Box3.tsx?t=1777970766335:145
[ 1848864ms] [WARNING] WARNING: Too many active WebGL contexts. Oldest context will be lost. @ http://localhost:5174/node_modules/.vite/deps/three_src_renderers_WebGLRenderer__js.js?v=6d268581:15919
[ 1848917ms] [LOG] [Box3] scene Scene @ http://localhost:5174/src/Box3.tsx?t=1777970766335:68
[ 1848918ms] [LOG] [Box3] ✓ Scene is valid @ http://localhost:5174/src/Box3.tsx?t=1777970766335:70
[ 1848919ms] [LOG] [Box3] ✓ Background is set: Color @ http://localhost:5174/src/Box3.tsx?t=1777970766335:72
[ 1848919ms] [LOG] [Box3] ✓ Lights verified: {total: 3, ambient: 1, spot: 1, point: 1} @ http://localhost:5174/src/Box3.tsx?t=1777970766335:81
[ 1848920ms] [LOG] [Box3] ✓ AmbientLight intensity is correct @ http://localhost:5174/src/Box3.tsx?t=1777970766335:89
[ 1848920ms] [LOG] [Box3] ✓ SpotLight properties are correct @ http://localhost:5174/src/Box3.tsx?t=1777970766335:94
[ 1848920ms] [LOG] [Box3] ✓ PointLight position is correct @ http://localhost:5174/src/Box3.tsx?t=1777970766335:97
[ 1848920ms] [LOG] [Box3] ✓ Meshes found: 3 @ http://localhost:5174/src/Box3.tsx?t=1777970766335:100
[ 1848920ms] [LOG] [Box3] ✓ Box positions are correct @ http://localhost:5174/src/Box3.tsx?t=1777970766335:110
[ 1848921ms] [LOG] [Box3] ✓ Found 1 camera(s) in ThreeContext @ http://localhost:5174/src/Box3.tsx?t=1777970766335:116
[ 1848921ms] [LOG] [Box3] ✓ PerspectiveCamera position is correct @ http://localhost:5174/src/Box3.tsx?t=1777970766335:119
[ 1848922ms] [LOG] [Box3] ✓ Camera accessible via useThree().cameras @ http://localhost:5174/src/Box3.tsx?t=1777970766335:120
[ 1848922ms] [LOG] [Box3] ✓ Found 1 renderer(s) in ThreeContext @ http://localhost:5174/src/Box3.tsx?t=1777970766335:130
[ 1848922ms] [LOG] [Box3] ✓ OrbitControls would be attached to renderer.domElement @ http://localhost:5174/src/Box3.tsx?t=1777970766335:131
[ 1848922ms] [LOG] [Box3] ✓ ThreeContext structure verified: {cameras: 1, scenes: 1, renderers: 1, frames: 4} @ http://localhost:5174/src/Box3.tsx?t=1777970766335:133
[ 1848923ms] [LOG] ✓ Scene: Direct child of Canvas3D, accessible via ref @ http://localhost:5174/src/Box3.tsx?t=1777970766335:140
[ 1848923ms] [LOG] ✓ Lights: Added to scene.children @ http://localhost:5174/src/Box3.tsx?t=1777970766335:141
[ 1848924ms] [LOG] ✓ Geometries: Added to scene.children as Mesh objects @ http://localhost:5174/src/Box3.tsx?t=1777970766335:142
[ 1848924ms] [LOG] ✓ Camera: 1 camera(s) in ThreeContext.cameras @ http://localhost:5174/src/Box3.tsx?t=1777970766335:143
[ 1848925ms] [LOG] ✓ Renderer: 1 renderer(s) in ThreeContext.renderers @ http://localhost:5174/src/Box3.tsx?t=1777970766335:144
[ 1848926ms] [LOG] ℹ OrbitControls: Would attach to camera + renderer.domElement @ http://localhost:5174/src/Box3.tsx?t=1777970766335:145
[ 1848970ms] [LOG] THREE.WebGLRenderer: Context Lost. @ http://localhost:5174/node_modules/.vite/deps/three_src_renderers_WebGLRenderer__js.js?v=6d268581:16169
[ 1880433ms] [WARNING] WARNING: Too many active WebGL contexts. Oldest context will be lost. @ http://localhost:5174/node_modules/.vite/deps/three_src_renderers_WebGLRenderer__js.js?v=6d268581:15919
[ 1880632ms] [LOG] THREE.WebGLRenderer: Context Lost. @ http://localhost:5174/node_modules/.vite/deps/three_src_renderers_WebGLRenderer__js.js?v=6d268581:16169
