[    1187ms] [WARNING] WARNING: Multiple instances of Three.js being imported. @ http://localhost:5176/node_modules/.vite/deps/chunk-LE7WE2CG.js?v=d6c83f4c:21312
[    1236ms] [LOG] page2 @ http://localhost:5176/src/BoxStaticText.tsx?t=1777100097602:12
[    1385ms] [ERROR] Failed to load resource: the server responded with a status of 404 (Not Found) @ http://localhost:5176/favicon.ico:0
[   70067ms] [ERROR] Three.GUI not register @ http://localhost:5176/@fs/D:/Developments/tslib/@woby/three/dist/jsx-DgVYjIcZ.es.js?t=1777100097602:1403
[   70128ms] TypeError: Cannot read properties of undefined (reading 'push')
    at getInstance (http://localhost:5176/@fs/D:/Developments/tslib/@woby/three/dist/jsx-DgVYjIcZ.es.js?t=1777100097602:1128:19)
    at http://localhost:5176/@fs/D:/Developments/tslib/@woby/three/dist/jsx-DgVYjIcZ.es.js?t=1777100097602:1435:24
    at http://localhost:5176/@fs/D:/Developments/tslib/@woby/soby/dist/methods/resolve.js?t=1777100097592:18:39
    at Memo.wrap (http://localhost:5176/@fs/D:/Developments/tslib/@woby/soby/dist/objects/owner.js?t=1777100097592:60:20)
    at Memo.refresh (http://localhost:5176/@fs/D:/Developments/tslib/@woby/soby/dist/objects/observer.js?t=1777100097592:31:25)
    at Memo.run (http://localhost:5176/@fs/D:/Developments/tslib/@woby/soby/dist/objects/memo.js?t=1777100097592:21:30)
    at Memo.update (http://localhost:5176/@fs/D:/Developments/tslib/@woby/soby/dist/objects/observer.js?t=1777100097592:51:18)
    at Observable.get (http://localhost:5176/@fs/D:/Developments/tslib/@woby/soby/dist/objects/observable.js?t=1777100097548:24:26)
    at Observable.readableFunction (http://localhost:5176/@fs/D:/Developments/tslib/@woby/soby/dist/objects/callable.js?t=1777100097497:19:21)
    at get (http://localhost:5176/@fs/D:/Developments/tslib/@woby/soby/dist/methods/get.js?t=1777100097593:7:16)
[  468928ms] [WARNING] WARNING: Multiple instances of Three.js being imported. @ http://localhost:5176/node_modules/.vite/deps/chunk-LE7WE2CG.js?v=d6c83f4c:21312
[  468947ms] [LOG] page2 @ http://localhost:5176/src/BoxStaticText.tsx?t=1777100764352:12
[  522401ms] [WARNING] WARNING: Multiple instances of Three.js being imported. @ http://localhost:5176/node_modules/.vite/deps/chunk-LE7WE2CG.js?v=d6c83f4c:21312
[  522420ms] [LOG] page2 @ http://localhost:5176/src/BoxStaticText.tsx?t=1777100764352:12
[  526549ms] [WARNING] WARNING: Multiple instances of Three.js being imported. @ http://localhost:5176/node_modules/.vite/deps/chunk-LE7WE2CG.js?v=d6c83f4c:21312
[  526565ms] [LOG] page2 @ http://localhost:5176/src/BoxStaticText.tsx?t=1777100764352:12
[  547176ms] [WARNING] WARNING: Multiple instances of Three.js being imported. @ http://localhost:5176/node_modules/.vite/deps/chunk-LE7WE2CG.js?v=d6c83f4c:21312
[  547188ms] [LOG] page2 @ http://localhost:5176/src/BoxStaticText.tsx?t=1777100764352:12
[  554423ms] [WARNING] WARNING: Multiple instances of Three.js being imported. @ http://localhost:5176/node_modules/.vite/deps/chunk-LE7WE2CG.js?v=56fa9bb4:21312
[  554469ms] [LOG] page2 @ http://localhost:5176/src/BoxStaticText.tsx?t=1777100764352:12
[  667557ms] [WARNING] WARNING: Multiple instances of Three.js being imported. @ http://localhost:5176/node_modules/.vite/deps/chunk-LE7WE2CG.js?v=56fa9bb4:21312
[  667572ms] [LOG] page2 @ http://localhost:5176/src/BoxStaticText.tsx?t=1777100962407:12
[  722288ms] [WARNING] WARNING: Multiple instances of Three.js being imported. @ http://localhost:5176/node_modules/.vite/deps/chunk-LE7WE2CG.js?v=56fa9bb4:21312
[  722305ms] [LOG] page2 @ http://localhost:5176/src/BoxStaticText.tsx?t=1777100962443:12
[  726819ms] [WARNING] WARNING: Multiple instances of Three.js being imported. @ http://localhost:5176/node_modules/.vite/deps/chunk-LE7WE2CG.js?v=56fa9bb4:21312
[  726834ms] [LOG] page2 @ http://localhost:5176/src/BoxStaticText.tsx?t=1777100962443:12
[  733215ms] [WARNING] WARNING: Multiple instances of Three.js being imported. @ http://localhost:5176/node_modules/.vite/deps/chunk-LE7WE2CG.js?v=56fa9bb4:21312
[  733226ms] [LOG] page2 @ http://localhost:5176/src/BoxStaticText.tsx?t=1777100962443:12
[  803421ms] [WARNING] WARNING: Multiple instances of Three.js being imported. @ http://localhost:5176/node_modules/.vite/deps/chunk-LE7WE2CG.js?v=1299d160:21312
[  803475ms] [LOG] page2 @ http://localhost:5176/src/BoxStaticText.tsx?t=1777100962443:12
[  817856ms] [WARNING] WARNING: Multiple instances of Three.js being imported. @ http://localhost:5176/node_modules/.vite/deps/chunk-LE7WE2CG.js?v=1299d160:21312
[  817872ms] [LOG] page2 @ http://localhost:5176/src/BoxStaticText.tsx?t=1777101112690:12
[  878583ms] [WARNING] WARNING: Multiple instances of Three.js being imported. @ http://localhost:5176/node_modules/.vite/deps/chunk-LE7WE2CG.js?v=1299d160:21312
[  878601ms] [LOG] page2 @ http://localhost:5176/src/BoxStaticText.tsx?t=1777101172735:12
[  969796ms] [WARNING] WARNING: Multiple instances of Three.js being imported. @ http://localhost:5176/node_modules/.vite/deps/chunk-LE7WE2CG.js?v=1299d160:21312
[  969814ms] [LOG] page2 @ http://localhost:5176/src/BoxStaticText.tsx?t=1777101172735:12
[  977195ms] [WARNING] WARNING: Multiple instances of Three.js being imported. @ http://localhost:5176/node_modules/.vite/deps/chunk-LE7WE2CG.js?v=1299d160:21312
[  977212ms] [LOG] page2 @ http://localhost:5176/src/BoxStaticText.tsx?t=1777101172735:12
[  982417ms] [WARNING] WARNING: Multiple instances of Three.js being imported. @ http://localhost:5176/node_modules/.vite/deps/chunk-LE7WE2CG.js?v=1299d160:21312
[  982432ms] [LOG] page2 @ http://localhost:5176/src/BoxStaticText.tsx?t=1777101172735:12
