[   47644ms] [WARNING] WARNING: Multiple instances of Three.js being imported. @ http://localhost:5174/node_modules/.vite/deps/chunk-IXVVFHSD.js?v=13bbac6b:16599
[   47650ms] [ERROR] Failed to load demo "webgl_simple_line": TypeError: Cannot convert undefined or null to object
    at Object.keys (<anonymous>)
    at toKeys (http://localhost:5174/@fs/D:/Developments/tslib/@woby/three/code/lib/3/useParams.tsx?t=1777968033790:7:51)
    at useParams (http://localhost:5174/@fs/D:/Developments/tslib/@woby/three/code/lib/3/useParams.tsx?t=1777968033790:20:14)
    at extractProps2constructor (http://localhost:5174/@fs/D:/Developments/tslib/@woby/three/code/lib/three/extractProps2constructor.tsx?t=1777968033790:18:42)
    at createElement (http://localhost:5174/@fs/D:/Developments/tslib/@woby/three/code/lib/three/createElement.tsx?t=1777968033790:203:22)
    at jsx (http://localhost:5174/@fs/D:/Developments/tslib/@woby/three/code/lib/three/jsx.tsx?t=1777968033790:4:64)
    at SimpleLine (http://localhost:5174/src/SimpleLine.tsx:95:21)
    at http://localhost:5174/@fs/D:/Developments/tslib/@woby/woby/src/methods/create_element.ts:24:82
    at untrack (http://localhost:5174/@fs/D:/Developments/tslib/@woby/soby/dist/methods/untrack.js:17:20)
    at http://localhost:5174/@fs/D:/Developments/tslib/@woby/woby/src/methods/create_element.ts:24:14 @ http://localhost:5174/src/layout/DemoViewer.tsx?t=1778034934740:23
[  129631ms] [WARNING] WARNING: Multiple instances of Three.js being imported. @ http://localhost:5174/node_modules/.vite/deps/chunk-LE7WE2CG.js?v=13bbac6b:21312
[  129645ms] [ERROR] Failed to load demo "webgl_simple_line": ReferenceError: MeshBasicMaterial is not defined
    at SimpleLine (http://localhost:5174/src/SimpleLine.tsx?t=1778035090486:22:20)
    at http://localhost:5174/@fs/D:/Developments/tslib/@woby/woby/src/methods/create_element.ts:24:82
    at untrack (http://localhost:5174/@fs/D:/Developments/tslib/@woby/soby/dist/methods/untrack.js:17:20)
    at http://localhost:5174/@fs/D:/Developments/tslib/@woby/woby/src/methods/create_element.ts:24:14
    at Observable.update (http://localhost:5174/@fs/D:/Developments/tslib/@woby/soby/dist/objects/observable.js:160:23)
    at Observable.writableFunction (http://localhost:5174/@fs/D:/Developments/tslib/@woby/soby/dist/objects/callable.js:26:25)
    at http://localhost:5174/src/layout/DemoViewer.tsx?t=1778035090486:18:7 @ http://localhost:5174/src/layout/DemoViewer.tsx?t=1778035090486:23
[  174425ms] [WARNING] WARNING: Multiple instances of Three.js being imported. @ http://localhost:5174/node_modules/.vite/deps/chunk-LE7WE2CG.js?v=13bbac6b:21312
[  174443ms] [ERROR] Failed to load demo "webgl_simple_line": ReferenceError: MeshBasicMaterial is not defined
    at SimpleLine (http://localhost:5174/src/SimpleLine.tsx?t=1778035135332:22:20)
    at http://localhost:5174/@fs/D:/Developments/tslib/@woby/woby/src/methods/create_element.ts:24:82
    at untrack (http://localhost:5174/@fs/D:/Developments/tslib/@woby/soby/dist/methods/untrack.js:17:20)
    at http://localhost:5174/@fs/D:/Developments/tslib/@woby/woby/src/methods/create_element.ts:24:14
    at Observable.update (http://localhost:5174/@fs/D:/Developments/tslib/@woby/soby/dist/objects/observable.js:160:23)
    at Observable.writableFunction (http://localhost:5174/@fs/D:/Developments/tslib/@woby/soby/dist/objects/callable.js:26:25)
    at http://localhost:5174/src/layout/DemoViewer.tsx?t=1778035135332:18:7 @ http://localhost:5174/src/layout/DemoViewer.tsx?t=1778035135332:23
