[ 5525515ms] [ERROR] Three.PointLight not register @ http://localhost:5174/@fs/D:/Developments/tslib/@woby/three/code/lib/three/createElement.tsx?t=1777968033790:199
[ 5525518ms] [ERROR] Failed to load demo "webgl_d_lines": TypeError: Cannot convert undefined or null to object
    at Object.keys (<anonymous>)
    at toKeys (http://localhost:5174/@fs/D:/Developments/tslib/@woby/three/code/lib/3/useParams.tsx?t=1777968033790:7:51)
    at useParams (http://localhost:5174/@fs/D:/Developments/tslib/@woby/three/code/lib/3/useParams.tsx?t=1777968033790:20:14)
    at extractProps2constructor (http://localhost:5174/@fs/D:/Developments/tslib/@woby/three/code/lib/three/extractProps2constructor.tsx?t=1777968033790:18:42)
    at createElement (http://localhost:5174/@fs/D:/Developments/tslib/@woby/three/code/lib/three/createElement.tsx?t=1777968033790:203:22)
    at jsx (http://localhost:5174/@fs/D:/Developments/tslib/@woby/three/code/lib/three/jsx.tsx?t=1777968033790:4:64)
    at DLines (http://localhost:5174/src/DLine.tsx:351:21)
    at http://localhost:5174/@fs/D:/Developments/tslib/@woby/woby/src/methods/create_element.ts:24:82
    at untrack (http://localhost:5174/@fs/D:/Developments/tslib/@woby/soby/dist/methods/untrack.js:17:20)
    at http://localhost:5174/@fs/D:/Developments/tslib/@woby/woby/src/methods/create_element.ts:24:14 @ http://localhost:5174/src/layout/DemoViewer.tsx?t=1778035729668:23
[ 5636731ms] [WARNING] WARNING: Multiple instances of Three.js being imported. @ http://localhost:5174/node_modules/.vite/deps/chunk-IXVVFHSD.js?v=13bbac6b:16599
[ 5636739ms] [ERROR] Three.WebGLRenderer not register @ http://localhost:5174/@fs/D:/Developments/tslib/@woby/three/code/lib/three/createElement.tsx?t=1777968033790:199
[ 5636740ms] [ERROR] Three.TextGeometry not register @ http://localhost:5174/@fs/D:/Developments/tslib/@woby/three/code/lib/three/createElement.tsx?t=1777968033790:199
[ 5636740ms] [ERROR] Three.Mesh not register @ http://localhost:5174/@fs/D:/Developments/tslib/@woby/three/code/lib/three/createElement.tsx?t=1777968033790:199
[ 5636744ms] [ERROR] Three.PerspectiveCamera not register @ http://localhost:5174/@fs/D:/Developments/tslib/@woby/three/code/lib/three/createElement.tsx?t=1777968033790:199
[ 5636745ms] [ERROR] Failed to load demo "webgl_d_lines": ReferenceError: OrbitControls is not defined
    at DLines (http://localhost:5174/src/DLine.tsx?t=1778041377548:354:28)
    at http://localhost:5174/@fs/D:/Developments/tslib/@woby/woby/src/methods/create_element.ts:24:82
    at untrack (http://localhost:5174/@fs/D:/Developments/tslib/@woby/soby/dist/methods/untrack.js:17:20)
    at http://localhost:5174/@fs/D:/Developments/tslib/@woby/woby/src/methods/create_element.ts:24:14
    at Observable.update (http://localhost:5174/@fs/D:/Developments/tslib/@woby/soby/dist/objects/observable.js:160:23)
    at Observable.writableFunction (http://localhost:5174/@fs/D:/Developments/tslib/@woby/soby/dist/objects/callable.js:26:25)
    at http://localhost:5174/src/layout/DemoViewer.tsx?t=1778041377548:18:7 @ http://localhost:5174/src/layout/DemoViewer.tsx?t=1778041377548:23
[ 5650254ms] [WARNING] WARNING: Multiple instances of Three.js being imported. @ http://localhost:5174/node_modules/.vite/deps/chunk-IXVVFHSD.js?v=13bbac6b:16599
[ 5650259ms] [ERROR] Three.WebGLRenderer not register @ http://localhost:5174/@fs/D:/Developments/tslib/@woby/three/code/lib/three/createElement.tsx?t=1777968033790:199
[ 5650259ms] [ERROR] Three.TextGeometry not register @ http://localhost:5174/@fs/D:/Developments/tslib/@woby/three/code/lib/three/createElement.tsx?t=1777968033790:199
[ 5650260ms] [ERROR] Three.Mesh not register @ http://localhost:5174/@fs/D:/Developments/tslib/@woby/three/code/lib/three/createElement.tsx?t=1777968033790:199
[ 5650262ms] [ERROR] Three.PerspectiveCamera not register @ http://localhost:5174/@fs/D:/Developments/tslib/@woby/three/code/lib/three/createElement.tsx?t=1777968033790:199
[ 5650281ms] TypeError: setProp is not a function
    at http://localhost:5174/@fs/D:/Developments/tslib/@woby/three/code/lib/three/fixReactiveProps.tsx?t=1777968033790:98:9
    at Array.forEach (<anonymous>)
    at setNestedValue (http://localhost:5174/@fs/D:/Developments/tslib/@woby/three/code/lib/three/fixReactiveProps.tsx?t=1777968033790:95:8)
    at fixReactiveProps (http://localhost:5174/@fs/D:/Developments/tslib/@woby/three/code/lib/three/fixReactiveProps.tsx?t=1777968033790:52:7)
    at getInstance (http://localhost:5174/@fs/D:/Developments/tslib/@woby/three/code/lib/three/getInstance.tsx?t=1777968033790:70:3)
    at http://localhost:5174/@fs/D:/Developments/tslib/@woby/three/code/lib/three/createElement.tsx?t=1777968033790:232:24
    at http://localhost:5174/@fs/D:/Developments/tslib/@woby/soby/dist/methods/resolve.js:18:39
    at Memo.wrap (http://localhost:5174/@fs/D:/Developments/tslib/@woby/soby/dist/objects/owner.js:60:54)
    at Memo.refresh (http://localhost:5174/@fs/D:/Developments/tslib/@woby/soby/dist/objects/observer.js:31:25)
    at Memo.run (http://localhost:5174/@fs/D:/Developments/tslib/@woby/soby/dist/objects/memo.js:21:30)
